nailstify/android/app/build/intermediates/manifest_merge_blame_file/debug/manifest-merger-blame-debug-report.txt
1<?xml version="1.0" encoding="utf-8"?>
2<manifest xmlns:android="http://schemas.android.com/apk/res/android"
3    package="com.nailstify_app"
4    android:versionCode="1"
5    android:versionName="1.0" >
6
7    <uses-sdk
8        android:minSdkVersion="21"
9        android:targetSdkVersion="33" />
10
11    <uses-permission android:name="android.permission.SYSTEM_ALERT_WINDOW" />
11-->src\debug\AndroidManifest.xml:5:5-77
11-->src\debug\AndroidManifest.xml:5:22-75
12    <uses-permission android:name="android.permission.INTERNET" />
12-->src\main\AndroidManifest.xml:3:5-67
12-->src\main\AndroidManifest.xml:3:22-64
13    <uses-permission android:name="android.permission.ACCESS_WIFI_STATE" />
13-->[com.facebook.flipper:flipper:0.182.0] AndroidManifest.xml:16:5-76
13-->[com.facebook.flipper:flipper:0.182.0] AndroidManifest.xml:16:22-73
14    <uses-permission android:name="android.permission.WAKE_LOCK" />
14-->[:react-native-firebase_messaging] AndroidManifest.xml:8:5-68
14-->[:react-native-firebase_messaging] AndroidManifest.xml:8:22-65
15    <uses-permission android:name="android.permission.ACCESS_NETWORK_STATE" /> <!-- Required by older versions of Google Play services to create IID tokens -->
15-->[:react-native-firebase_messaging] AndroidManifest.xml:9:5-79
15-->[:react-native-firebase_messaging] AndroidManifest.xml:9:22-76
16    <uses-permission android:name="com.google.android.c2dm.permission.RECEIVE" />
16-->[com.google.android.gms:play-services-iid:17.0.0] AndroidManifest.xml:23:5-82
16-->[com.google.android.gms:play-services-iid:17.0.0] AndroidManifest.xml:23:22-79
17    <uses-permission android:name="android.permission.POST_NOTIFICATIONS" />
17-->[com.google.firebase:firebase-messaging:23.2.1] AndroidManifest.xml:23:5-77
17-->[com.google.firebase:firebase-messaging:23.2.1] AndroidManifest.xml:23:22-74
18    <uses-permission android:name="com.google.android.finsky.permission.BIND_GET_INSTALL_REFERRER_SERVICE" />
18-->[com.android.installreferrer:installreferrer:1.1.2] AndroidManifest.xml:9:5-110
18-->[com.android.installreferrer:installreferrer:1.1.2] AndroidManifest.xml:9:22-107
19
20    <application
20-->src\main\AndroidManifest.xml:5:5-24:19
21        android:name="com.nailstify_app.MainApplication"
21-->src\main\AndroidManifest.xml:6:7-38
22        android:allowBackup="false"
22-->src\main\AndroidManifest.xml:10:7-34
23        android:appComponentFactory="androidx.core.app.CoreComponentFactory"
23-->[androidx.core:core:1.7.0] AndroidManifest.xml:24:18-86
24        android:debuggable="true"
25        android:icon="@mipmap/ic_launcher"
25-->src\main\AndroidManifest.xml:8:7-41
26        android:label="@string/app_name"
26-->src\main\AndroidManifest.xml:7:7-39
27        android:roundIcon="@mipmap/ic_launcher_round"
27-->src\main\AndroidManifest.xml:9:7-52
28        android:theme="@style/AppTheme"
28-->src\main\AndroidManifest.xml:11:7-38
29        android:usesCleartextTraffic="true" >
29-->src\debug\AndroidManifest.xml:8:9-44
30        <activity
30-->src\debug\AndroidManifest.xml:11:9-111
31            android:name="com.facebook.react.devsupport.DevSettingsActivity"
31-->src\debug\AndroidManifest.xml:11:19-83
32            android:exported="false" />
32-->src\debug\AndroidManifest.xml:11:84-108
33        <activity
33-->src\main\AndroidManifest.xml:12:7-23:18
34            android:name="com.nailstify_app.MainActivity"
34-->src\main\AndroidManifest.xml:13:9-37
35            android:configChanges="keyboard|keyboardHidden|orientation|screenLayout|screenSize|smallestScreenSize|uiMode"
35-->src\main\AndroidManifest.xml:15:9-118
36            android:exported="true"
36-->src\main\AndroidManifest.xml:18:9-32
37            android:label="@string/app_name"
37-->src\main\AndroidManifest.xml:14:9-41
38            android:launchMode="singleTask"
38-->src\main\AndroidManifest.xml:16:9-40
39            android:windowSoftInputMode="adjustPan" >
39-->src\main\AndroidManifest.xml:17:9-48
40            <intent-filter>
40-->src\main\AndroidManifest.xml:19:9-22:25
41                <action android:name="android.intent.action.MAIN" />
41-->src\main\AndroidManifest.xml:20:13-65
41-->src\main\AndroidManifest.xml:20:21-62
42
43                <category android:name="android.intent.category.LAUNCHER" />
43-->src\main\AndroidManifest.xml:21:13-73
43-->src\main\AndroidManifest.xml:21:23-70
44            </intent-filter>
45        </activity>
46
47        <service
47-->[:react-native-firebase_messaging] AndroidManifest.xml:12:9-14:40
48            android:name="io.invertase.firebase.messaging.ReactNativeFirebaseMessagingHeadlessService"
48-->[:react-native-firebase_messaging] AndroidManifest.xml:13:13-103
49            android:exported="false" />
49-->[:react-native-firebase_messaging] AndroidManifest.xml:14:13-37
50        <service
50-->[:react-native-firebase_messaging] AndroidManifest.xml:15:9-21:19
51            android:name="io.invertase.firebase.messaging.ReactNativeFirebaseMessagingService"
51-->[:react-native-firebase_messaging] AndroidManifest.xml:16:13-95
52            android:exported="false" >
52-->[:react-native-firebase_messaging] AndroidManifest.xml:17:13-37
53            <intent-filter>
53-->[:react-native-firebase_messaging] AndroidManifest.xml:18:13-20:29
54                <action android:name="com.google.firebase.MESSAGING_EVENT" />
54-->[:react-native-firebase_messaging] AndroidManifest.xml:19:17-78
54-->[:react-native-firebase_messaging] AndroidManifest.xml:19:25-75
55            </intent-filter>
56        </service>
57
58        <receiver
58-->[:react-native-firebase_messaging] AndroidManifest.xml:23:9-30:20
59            android:name="io.invertase.firebase.messaging.ReactNativeFirebaseMessagingReceiver"
59-->[:react-native-firebase_messaging] AndroidManifest.xml:24:13-96
60            android:exported="true"
60-->[:react-native-firebase_messaging] AndroidManifest.xml:25:13-36
61            android:permission="com.google.android.c2dm.permission.SEND" >
61-->[:react-native-firebase_messaging] AndroidManifest.xml:26:13-73
62            <intent-filter>
62-->[:react-native-firebase_messaging] AndroidManifest.xml:27:13-29:29
63                <action android:name="com.google.android.c2dm.intent.RECEIVE" />
63-->[:react-native-firebase_messaging] AndroidManifest.xml:28:17-81
63-->[:react-native-firebase_messaging] AndroidManifest.xml:28:25-78
64            </intent-filter>
65        </receiver>
66
67        <meta-data
67-->[:react-native-firebase_messaging] AndroidManifest.xml:32:9-34:36
68            android:name="firebase_messaging_auto_init_enabled"
68-->[:react-native-firebase_messaging] AndroidManifest.xml:33:13-64
69            android:value="true" />
69-->[:react-native-firebase_messaging] AndroidManifest.xml:34:13-33
70        <meta-data
70-->[:react-native-firebase_messaging] AndroidManifest.xml:35:9-37:32
71            android:name="com.google.firebase.messaging.default_notification_channel_id"
71-->[:react-native-firebase_messaging] AndroidManifest.xml:36:13-89
72            android:value="" />
72-->[:react-native-firebase_messaging] AndroidManifest.xml:37:13-29
73        <meta-data
73-->[:react-native-firebase_messaging] AndroidManifest.xml:38:9-40:47
74            android:name="com.google.firebase.messaging.default_notification_color"
74-->[:react-native-firebase_messaging] AndroidManifest.xml:39:13-84
75            android:resource="@color/white" />
75-->[:react-native-firebase_messaging] AndroidManifest.xml:40:13-44
76        <meta-data
76-->[:react-native-firebase_app] AndroidManifest.xml:9:9-11:36
77            android:name="app_data_collection_default_enabled"
77-->[:react-native-firebase_app] AndroidManifest.xml:10:13-63
78            android:value="true" />
78-->[:react-native-firebase_app] AndroidManifest.xml:11:13-33
79
80        <service
80-->[:react-native-firebase_app] AndroidManifest.xml:13:9-21:19
81            android:name="com.google.firebase.components.ComponentDiscoveryService"
81-->[:react-native-firebase_app] AndroidManifest.xml:14:13-84
82            android:directBootAware="true"
82-->[:react-native-firebase_app] AndroidManifest.xml:15:13-43
83            android:exported="false" >
83-->[:react-native-firebase_app] AndroidManifest.xml:16:13-37
84            <meta-data
84-->[:react-native-firebase_app] AndroidManifest.xml:18:13-20:85
85                android:name="com.google.firebase.components:io.invertase.firebase.app.ReactNativeFirebaseAppRegistrar"
85-->[:react-native-firebase_app] AndroidManifest.xml:19:17-120
86                android:value="com.google.firebase.components.ComponentRegistrar" />
86-->[:react-native-firebase_app] AndroidManifest.xml:20:17-82
87            <meta-data
87-->[com.google.firebase:firebase-firestore:24.8.1] AndroidManifest.xml:17:13-19:85
88                android:name="com.google.firebase.components:com.google.firebase.firestore.FirestoreRegistrar"
88-->[com.google.firebase:firebase-firestore:24.8.1] AndroidManifest.xml:18:17-111
89                android:value="com.google.firebase.components.ComponentRegistrar" />
89-->[com.google.firebase:firebase-firestore:24.8.1] AndroidManifest.xml:19:17-82
90            <meta-data
90-->[com.google.firebase:firebase-messaging:23.2.1] AndroidManifest.xml:53:13-55:85
91                android:name="com.google.firebase.components:com.google.firebase.messaging.FirebaseMessagingRegistrar"
91-->[com.google.firebase:firebase-messaging:23.2.1] AndroidManifest.xml:54:17-119
92                android:value="com.google.firebase.components.ComponentRegistrar" />
92-->[com.google.firebase:firebase-messaging:23.2.1] AndroidManifest.xml:55:17-82
93            <meta-data
93-->[com.google.firebase:firebase-datatransport:18.1.7] AndroidManifest.xml:27:13-29:85
94                android:name="com.google.firebase.components:com.google.firebase.datatransport.TransportRegistrar"
94-->[com.google.firebase:firebase-datatransport:18.1.7] AndroidManifest.xml:28:17-115
95                android:value="com.google.firebase.components.ComponentRegistrar" />
95-->[com.google.firebase:firebase-datatransport:18.1.7] AndroidManifest.xml:29:17-82
96            <meta-data
96-->[com.google.firebase:firebase-installations:17.1.4] AndroidManifest.xml:15:13-17:85
97                android:name="com.google.firebase.components:com.google.firebase.installations.FirebaseInstallationsRegistrar"
97-->[com.google.firebase:firebase-installations:17.1.4] AndroidManifest.xml:16:17-127
98                android:value="com.google.firebase.components.ComponentRegistrar" />
98-->[com.google.firebase:firebase-installations:17.1.4] AndroidManifest.xml:17:17-82
99        </service>
100
101        <provider
101-->[:react-native-firebase_app] AndroidManifest.xml:23:9-27:38
102            android:name="io.invertase.firebase.app.ReactNativeFirebaseAppInitProvider"
102-->[:react-native-firebase_app] AndroidManifest.xml:24:13-88
103            android:authorities="com.nailstify_app.reactnativefirebaseappinitprovider"
103-->[:react-native-firebase_app] AndroidManifest.xml:25:13-86
104            android:exported="false"
104-->[:react-native-firebase_app] AndroidManifest.xml:26:13-37
105            android:initOrder="99" />
105-->[:react-native-firebase_app] AndroidManifest.xml:27:13-35
106
107        <activity
107-->[com.google.android.gms:play-services-auth:20.7.0] AndroidManifest.xml:23:9-27:75
108            android:name="com.google.android.gms.auth.api.signin.internal.SignInHubActivity"
108-->[com.google.android.gms:play-services-auth:20.7.0] AndroidManifest.xml:24:13-93
109            android:excludeFromRecents="true"
109-->[com.google.android.gms:play-services-auth:20.7.0] AndroidManifest.xml:25:13-46
110            android:exported="false"
110-->[com.google.android.gms:play-services-auth:20.7.0] AndroidManifest.xml:26:13-37
111            android:theme="@android:style/Theme.Translucent.NoTitleBar" />
111-->[com.google.android.gms:play-services-auth:20.7.0] AndroidManifest.xml:27:13-72
112        <!--
113            Service handling Google Sign-In user revocation. For apps that do not integrate with
114            Google Sign-In, this service will never be started.
115        -->
116        <service
116-->[com.google.android.gms:play-services-auth:20.7.0] AndroidManifest.xml:33:9-37:51
117            android:name="com.google.android.gms.auth.api.signin.RevocationBoundService"
117-->[com.google.android.gms:play-services-auth:20.7.0] AndroidManifest.xml:34:13-89
118            android:exported="true"
118-->[com.google.android.gms:play-services-auth:20.7.0] AndroidManifest.xml:35:13-36
119            android:permission="com.google.android.gms.auth.api.signin.permission.REVOCATION_NOTIFICATION"
119-->[com.google.android.gms:play-services-auth:20.7.0] AndroidManifest.xml:36:13-107
120            android:visibleToInstantApps="true" />
120-->[com.google.android.gms:play-services-auth:20.7.0] AndroidManifest.xml:37:13-48
121
122        <receiver
122-->[com.google.firebase:firebase-messaging:23.2.1] AndroidManifest.xml:29:9-36:20
123            android:name="com.google.firebase.iid.FirebaseInstanceIdReceiver"
123-->[com.google.firebase:firebase-messaging:23.2.1] AndroidManifest.xml:30:13-78
124            android:exported="true"
124-->[com.google.firebase:firebase-messaging:23.2.1] AndroidManifest.xml:31:13-36
125            android:permission="com.google.android.c2dm.permission.SEND" >
125-->[com.google.firebase:firebase-messaging:23.2.1] AndroidManifest.xml:32:13-73
126            <intent-filter>
126-->[:react-native-firebase_messaging] AndroidManifest.xml:27:13-29:29
127                <action android:name="com.google.android.c2dm.intent.RECEIVE" />
127-->[:react-native-firebase_messaging] AndroidManifest.xml:28:17-81
127-->[:react-native-firebase_messaging] AndroidManifest.xml:28:25-78
128            </intent-filter>
129        </receiver>
130        <!--
131             FirebaseMessagingService performs security checks at runtime,
132             but set to not exported to explicitly avoid allowing another app to call it.
133        -->
134        <service
134-->[com.google.firebase:firebase-messaging:23.2.1] AndroidManifest.xml:42:9-49:19
135            android:name="com.google.firebase.messaging.FirebaseMessagingService"
135-->[com.google.firebase:firebase-messaging:23.2.1] AndroidManifest.xml:43:13-82
136            android:directBootAware="true"
136-->[com.google.firebase:firebase-messaging:23.2.1] AndroidManifest.xml:44:13-43
137            android:exported="false" >
137-->[com.google.firebase:firebase-messaging:23.2.1] AndroidManifest.xml:45:13-37
138            <intent-filter android:priority="-500" >
138-->[:react-native-firebase_messaging] AndroidManifest.xml:18:13-20:29
139                <action android:name="com.google.firebase.MESSAGING_EVENT" />
139-->[:react-native-firebase_messaging] AndroidManifest.xml:19:17-78
139-->[:react-native-firebase_messaging] AndroidManifest.xml:19:25-75
140            </intent-filter>
141        </service>
142
143        <activity
143-->[com.google.android.gms:play-services-base:18.0.1] AndroidManifest.xml:20:9-22:45
144            android:name="com.google.android.gms.common.api.GoogleApiActivity"
144-->[com.google.android.gms:play-services-base:18.0.1] AndroidManifest.xml:20:19-85
145            android:exported="false"
145-->[com.google.android.gms:play-services-base:18.0.1] AndroidManifest.xml:22:19-43
146            android:theme="@android:style/Theme.Translucent.NoTitleBar" />
146-->[com.google.android.gms:play-services-base:18.0.1] AndroidManifest.xml:21:19-78
147
148        <provider
148-->[com.google.firebase:firebase-common:20.3.3] AndroidManifest.xml:25:9-30:39
149            android:name="com.google.firebase.provider.FirebaseInitProvider"
149-->[com.google.firebase:firebase-common:20.3.3] AndroidManifest.xml:26:13-77
150            android:authorities="com.nailstify_app.firebaseinitprovider"
150-->[com.google.firebase:firebase-common:20.3.3] AndroidManifest.xml:27:13-72
151            android:directBootAware="true"
151-->[com.google.firebase:firebase-common:20.3.3] AndroidManifest.xml:28:13-43
152            android:exported="false"
152-->[com.google.firebase:firebase-common:20.3.3] AndroidManifest.xml:29:13-37
153            android:initOrder="100" />
153-->[com.google.firebase:firebase-common:20.3.3] AndroidManifest.xml:30:13-36
154
155        <meta-data
155-->[com.google.android.gms:play-services-basement:18.2.0] AndroidManifest.xml:21:9-23:69
156            android:name="com.google.android.gms.version"
156-->[com.google.android.gms:play-services-basement:18.2.0] AndroidManifest.xml:22:13-58
157            android:value="@integer/google_play_services_version" />
157-->[com.google.android.gms:play-services-basement:18.2.0] AndroidManifest.xml:23:13-66
158
159        <provider
159-->[androidx.emoji2:emoji2:1.0.0] AndroidManifest.xml:26:9-34:20
160            android:name="androidx.startup.InitializationProvider"
160-->[androidx.emoji2:emoji2:1.0.0] AndroidManifest.xml:27:13-67
161            android:authorities="com.nailstify_app.androidx-startup"
161-->[androidx.emoji2:emoji2:1.0.0] AndroidManifest.xml:28:13-68
162            android:exported="false" >
162-->[androidx.emoji2:emoji2:1.0.0] AndroidManifest.xml:29:13-37
163            <meta-data
163-->[androidx.emoji2:emoji2:1.0.0] AndroidManifest.xml:31:13-33:52
164                android:name="androidx.emoji2.text.EmojiCompatInitializer"
164-->[androidx.emoji2:emoji2:1.0.0] AndroidManifest.xml:32:17-75
165                android:value="androidx.startup" />
165-->[androidx.emoji2:emoji2:1.0.0] AndroidManifest.xml:33:17-49
166            <meta-data
166-->[androidx.lifecycle:lifecycle-process:2.4.0] AndroidManifest.xml:31:13-33:52
167                android:name="androidx.lifecycle.ProcessLifecycleInitializer"
167-->[androidx.lifecycle:lifecycle-process:2.4.0] AndroidManifest.xml:32:17-78
168                android:value="androidx.startup" />
168-->[androidx.lifecycle:lifecycle-process:2.4.0] AndroidManifest.xml:33:17-49
169        </provider>
170
171        <service
171-->[com.google.android.datatransport:transport-backend-cct:3.1.8] AndroidManifest.xml:28:9-34:19
172            android:name="com.google.android.datatransport.runtime.backends.TransportBackendDiscovery"
172-->[com.google.android.datatransport:transport-backend-cct:3.1.8] AndroidManifest.xml:29:13-103
173            android:exported="false" >
173-->[com.google.android.datatransport:transport-backend-cct:3.1.8] AndroidManifest.xml:30:13-37
174            <meta-data
174-->[com.google.android.datatransport:transport-backend-cct:3.1.8] AndroidManifest.xml:31:13-33:39
175                android:name="backend:com.google.android.datatransport.cct.CctBackendFactory"
175-->[com.google.android.datatransport:transport-backend-cct:3.1.8] AndroidManifest.xml:32:17-94
176                android:value="cct" />
176-->[com.google.android.datatransport:transport-backend-cct:3.1.8] AndroidManifest.xml:33:17-36
177        </service>
178        <service
178-->[com.google.android.datatransport:transport-runtime:3.1.8] AndroidManifest.xml:26:9-30:19
179            android:name="com.google.android.datatransport.runtime.scheduling.jobscheduling.JobInfoSchedulerService"
179-->[com.google.android.datatransport:transport-runtime:3.1.8] AndroidManifest.xml:27:13-117
180            android:exported="false"
180-->[com.google.android.datatransport:transport-runtime:3.1.8] AndroidManifest.xml:28:13-37
181            android:permission="android.permission.BIND_JOB_SERVICE" >
181-->[com.google.android.datatransport:transport-runtime:3.1.8] AndroidManifest.xml:29:13-69
182        </service>
183
184        <receiver
184-->[com.google.android.datatransport:transport-runtime:3.1.8] AndroidManifest.xml:32:9-34:40
185            android:name="com.google.android.datatransport.runtime.scheduling.jobscheduling.AlarmManagerSchedulerBroadcastReceiver"
185-->[com.google.android.datatransport:transport-runtime:3.1.8] AndroidManifest.xml:33:13-132
186            android:exported="false" />
186-->[com.google.android.datatransport:transport-runtime:3.1.8] AndroidManifest.xml:34:13-37
187
188        <meta-data
188-->[com.facebook.soloader:soloader:0.10.5] AndroidManifest.xml:12:9-14:37
189            android:name="com.facebook.soloader.enabled"
189-->[com.facebook.soloader:soloader:0.10.5] AndroidManifest.xml:13:13-57
190            android:value="false" />
190-->[com.facebook.soloader:soloader:0.10.5] AndroidManifest.xml:14:13-34
191    </application>
192
193</manifest>